{"D:\\programs\\programming\\projects\\gitHTML\\jest-demo\\src\\sum.js": {"path":"D:\\programs\\programming\\projects\\gitHTML\\jest-demo\\src\\sum.js","statementMap":{"0":{"start":{"line":4,"column":4},"end":{"line":4,"column":17}}},"fnMap":{"0":{"name":"sum","decl":{"start":{"line":3,"column":9},"end":{"line":3,"column":12}},"loc":{"start":{"line":3,"column":19},"end":{"line":5,"column":1}},"line":3}},"branchMap":{},"s":{"0":1},"f":{"0":1},"b":{},"_coverageSchema":"1a1c01bbd47fc00a2c39e90264f33305004495a9","hash":"ae1cc0769bd68fed356edb2c0e81078b0ed5f390"}
}
